[0.779s] DEBUG:colcon:Command line arguments: ['/usr/bin/colcon', 'list', '-p', '--base-paths', '/home/entity014/python/ABU']
[0.779s] DEBUG:colcon:Parsed command line arguments: Namespace(allow_overriding=[], base_paths=['/home/entity014/python/ABU'], build_base='build', ignore_user_meta=False, log_base=None, log_level=None, main=<bound method ListVerb.main of <colcon_package_information.verb.list.ListVerb object at 0x7f928070c250>>, metas=['./colcon.meta'], names_only=False, packages_above=None, packages_above_and_dependencies=None, packages_above_depth=None, packages_end=None, packages_ignore=None, packages_ignore_regex=None, packages_select=None, packages_select_build_failed=False, packages_select_by_dep=None, packages_select_regex=None, packages_select_test_failures=False, packages_skip=None, packages_skip_build_finished=False, packages_skip_by_dep=None, packages_skip_regex=None, packages_skip_test_passed=False, packages_skip_up_to=None, packages_start=None, packages_up_to=None, packages_up_to_regex=None, paths=None, paths_only=True, topological_graph=False, topological_graph_density=False, topological_graph_dot=False, topological_graph_dot_cluster=False, topological_graph_dot_include_skipped=False, topological_graph_legend=False, topological_order=False, verb_extension=<colcon_package_information.verb.list.ListVerb object at 0x7f928070c250>, verb_name='list', verb_parser=<colcon_defaults.argument_parser.defaults.DefaultArgumentsDecorator object at 0x7f928069df10>)
[0.847s] Level 1:colcon.colcon_core.package_discovery:discover_packages(colcon_meta) check parameters
[0.848s] Level 1:colcon.colcon_core.package_discovery:discover_packages(recursive) check parameters
[0.848s] Level 1:colcon.colcon_core.package_discovery:discover_packages(ignore) check parameters
[0.848s] Level 1:colcon.colcon_core.package_discovery:discover_packages(path) check parameters
[0.848s] Level 1:colcon.colcon_core.package_discovery:discover_packages(recursive) discover
[0.848s] INFO:colcon.colcon_core.package_discovery:Crawling recursively for packages in '/home/entity014/python/ABU'
[0.848s] Level 1:colcon.colcon_core.package_identification:_identify(/home/entity014/python/ABU) by extensions ['ignore', 'ignore_ament_install']
[0.849s] Level 1:colcon.colcon_core.package_identification:_identify(/home/entity014/python/ABU) by extension 'ignore'
[0.849s] Level 1:colcon.colcon_core.package_identification:_identify(/home/entity014/python/ABU) by extension 'ignore_ament_install'
[0.849s] Level 1:colcon.colcon_core.package_identification:_identify(/home/entity014/python/ABU) by extensions ['colcon_pkg']
[0.849s] Level 1:colcon.colcon_core.package_identification:_identify(/home/entity014/python/ABU) by extension 'colcon_pkg'
[0.849s] Level 1:colcon.colcon_core.package_identification:_identify(/home/entity014/python/ABU) by extensions ['colcon_meta']
[0.849s] Level 1:colcon.colcon_core.package_identification:_identify(/home/entity014/python/ABU) by extension 'colcon_meta'
[0.849s] Level 1:colcon.colcon_core.package_identification:_identify(/home/entity014/python/ABU) by extensions ['ros']
[0.849s] Level 1:colcon.colcon_core.package_identification:_identify(/home/entity014/python/ABU) by extension 'ros'
[0.919s] Level 1:colcon.colcon_core.package_identification:_identify(/home/entity014/python/ABU) by extensions ['cmake', 'python']
[0.919s] Level 1:colcon.colcon_core.package_identification:_identify(/home/entity014/python/ABU) by extension 'cmake'
[0.919s] Level 1:colcon.colcon_core.package_identification:_identify(/home/entity014/python/ABU) by extension 'python'
[0.919s] Level 1:colcon.colcon_core.package_identification:_identify(/home/entity014/python/ABU) by extensions ['python_setup_py']
[0.919s] Level 1:colcon.colcon_core.package_identification:_identify(/home/entity014/python/ABU) by extension 'python_setup_py'
[0.920s] Level 1:colcon.colcon_core.package_identification:_identify(/home/entity014/python/ABU/ABU) by extensions ['ignore', 'ignore_ament_install']
[0.920s] Level 1:colcon.colcon_core.package_identification:_identify(/home/entity014/python/ABU/ABU) by extension 'ignore'
[0.920s] Level 1:colcon.colcon_core.package_identification:_identify(/home/entity014/python/ABU/ABU) by extension 'ignore_ament_install'
[0.920s] Level 1:colcon.colcon_core.package_identification:_identify(/home/entity014/python/ABU/ABU) by extensions ['colcon_pkg']
[0.920s] Level 1:colcon.colcon_core.package_identification:_identify(/home/entity014/python/ABU/ABU) by extension 'colcon_pkg'
[0.921s] Level 1:colcon.colcon_core.package_identification:_identify(/home/entity014/python/ABU/ABU) by extensions ['colcon_meta']
[0.921s] Level 1:colcon.colcon_core.package_identification:_identify(/home/entity014/python/ABU/ABU) by extension 'colcon_meta'
[0.921s] Level 1:colcon.colcon_core.package_identification:_identify(/home/entity014/python/ABU/ABU) by extensions ['ros']
[0.921s] Level 1:colcon.colcon_core.package_identification:_identify(/home/entity014/python/ABU/ABU) by extension 'ros'
[0.921s] Level 1:colcon.colcon_core.package_identification:_identify(/home/entity014/python/ABU/ABU) by extensions ['cmake', 'python']
[0.921s] Level 1:colcon.colcon_core.package_identification:_identify(/home/entity014/python/ABU/ABU) by extension 'cmake'
[0.922s] Level 1:colcon.colcon_core.package_identification:_identify(/home/entity014/python/ABU/ABU) by extension 'python'
[0.922s] Level 1:colcon.colcon_core.package_identification:_identify(/home/entity014/python/ABU/ABU) by extensions ['python_setup_py']
[0.922s] Level 1:colcon.colcon_core.package_identification:_identify(/home/entity014/python/ABU/ABU) by extension 'python_setup_py'
[0.922s] Level 1:colcon.colcon_core.package_identification:_identify(/home/entity014/python/ABU/PID) by extensions ['ignore', 'ignore_ament_install']
[0.922s] Level 1:colcon.colcon_core.package_identification:_identify(/home/entity014/python/ABU/PID) by extension 'ignore'
[0.923s] Level 1:colcon.colcon_core.package_identification:_identify(/home/entity014/python/ABU/PID) by extension 'ignore_ament_install'
[0.923s] Level 1:colcon.colcon_core.package_identification:_identify(/home/entity014/python/ABU/PID) by extensions ['colcon_pkg']
[0.923s] Level 1:colcon.colcon_core.package_identification:_identify(/home/entity014/python/ABU/PID) by extension 'colcon_pkg'
[0.923s] Level 1:colcon.colcon_core.package_identification:_identify(/home/entity014/python/ABU/PID) by extensions ['colcon_meta']
[0.923s] Level 1:colcon.colcon_core.package_identification:_identify(/home/entity014/python/ABU/PID) by extension 'colcon_meta'
[0.923s] Level 1:colcon.colcon_core.package_identification:_identify(/home/entity014/python/ABU/PID) by extensions ['ros']
[0.923s] Level 1:colcon.colcon_core.package_identification:_identify(/home/entity014/python/ABU/PID) by extension 'ros'
[0.924s] Level 1:colcon.colcon_core.package_identification:_identify(/home/entity014/python/ABU/PID) by extensions ['cmake', 'python']
[0.924s] Level 1:colcon.colcon_core.package_identification:_identify(/home/entity014/python/ABU/PID) by extension 'cmake'
[0.924s] Level 1:colcon.colcon_core.package_identification:_identify(/home/entity014/python/ABU/PID) by extension 'python'
[0.924s] Level 1:colcon.colcon_core.package_identification:_identify(/home/entity014/python/ABU/PID) by extensions ['python_setup_py']
[0.924s] Level 1:colcon.colcon_core.package_identification:_identify(/home/entity014/python/ABU/PID) by extension 'python_setup_py'
[0.925s] Level 1:colcon.colcon_core.package_identification:_identify(/home/entity014/python/ABU/chang) by extensions ['ignore', 'ignore_ament_install']
[0.925s] Level 1:colcon.colcon_core.package_identification:_identify(/home/entity014/python/ABU/chang) by extension 'ignore'
[0.925s] Level 1:colcon.colcon_core.package_identification:_identify(/home/entity014/python/ABU/chang) by extension 'ignore_ament_install'
[0.925s] Level 1:colcon.colcon_core.package_identification:_identify(/home/entity014/python/ABU/chang) by extensions ['colcon_pkg']
[0.925s] Level 1:colcon.colcon_core.package_identification:_identify(/home/entity014/python/ABU/chang) by extension 'colcon_pkg'
[0.925s] Level 1:colcon.colcon_core.package_identification:_identify(/home/entity014/python/ABU/chang) by extensions ['colcon_meta']
[0.926s] Level 1:colcon.colcon_core.package_identification:_identify(/home/entity014/python/ABU/chang) by extension 'colcon_meta'
[0.926s] Level 1:colcon.colcon_core.package_identification:_identify(/home/entity014/python/ABU/chang) by extensions ['ros']
[0.926s] Level 1:colcon.colcon_core.package_identification:_identify(/home/entity014/python/ABU/chang) by extension 'ros'
[0.926s] Level 1:colcon.colcon_core.package_identification:_identify(/home/entity014/python/ABU/chang) by extensions ['cmake', 'python']
[0.926s] Level 1:colcon.colcon_core.package_identification:_identify(/home/entity014/python/ABU/chang) by extension 'cmake'
[0.926s] Level 1:colcon.colcon_core.package_identification:_identify(/home/entity014/python/ABU/chang) by extension 'python'
[0.927s] Level 1:colcon.colcon_core.package_identification:_identify(/home/entity014/python/ABU/chang) by extensions ['python_setup_py']
[0.927s] Level 1:colcon.colcon_core.package_identification:_identify(/home/entity014/python/ABU/chang) by extension 'python_setup_py'
[0.927s] Level 1:colcon.colcon_core.package_identification:_identify(/home/entity014/python/ABU/lcd_test) by extensions ['ignore', 'ignore_ament_install']
[0.927s] Level 1:colcon.colcon_core.package_identification:_identify(/home/entity014/python/ABU/lcd_test) by extension 'ignore'
[0.927s] Level 1:colcon.colcon_core.package_identification:_identify(/home/entity014/python/ABU/lcd_test) by extension 'ignore_ament_install'
[0.928s] Level 1:colcon.colcon_core.package_identification:_identify(/home/entity014/python/ABU/lcd_test) by extensions ['colcon_pkg']
[0.928s] Level 1:colcon.colcon_core.package_identification:_identify(/home/entity014/python/ABU/lcd_test) by extension 'colcon_pkg'
[0.928s] Level 1:colcon.colcon_core.package_identification:_identify(/home/entity014/python/ABU/lcd_test) by extensions ['colcon_meta']
[0.928s] Level 1:colcon.colcon_core.package_identification:_identify(/home/entity014/python/ABU/lcd_test) by extension 'colcon_meta'
[0.928s] Level 1:colcon.colcon_core.package_identification:_identify(/home/entity014/python/ABU/lcd_test) by extensions ['ros']
[0.928s] Level 1:colcon.colcon_core.package_identification:_identify(/home/entity014/python/ABU/lcd_test) by extension 'ros'
[0.928s] Level 1:colcon.colcon_core.package_identification:_identify(/home/entity014/python/ABU/lcd_test) by extensions ['cmake', 'python']
[0.928s] Level 1:colcon.colcon_core.package_identification:_identify(/home/entity014/python/ABU/lcd_test) by extension 'cmake'
[0.929s] Level 1:colcon.colcon_core.package_identification:_identify(/home/entity014/python/ABU/lcd_test) by extension 'python'
[0.929s] Level 1:colcon.colcon_core.package_identification:_identify(/home/entity014/python/ABU/lcd_test) by extensions ['python_setup_py']
[0.929s] Level 1:colcon.colcon_core.package_identification:_identify(/home/entity014/python/ABU/lcd_test) by extension 'python_setup_py'
[0.929s] Level 1:colcon.colcon_core.package_identification:_identify(/home/entity014/python/ABU/log) by extensions ['ignore', 'ignore_ament_install']
[0.929s] Level 1:colcon.colcon_core.package_identification:_identify(/home/entity014/python/ABU/log) by extension 'ignore'
[0.930s] Level 1:colcon.colcon_core.package_identification:_identify(/home/entity014/python/ABU/log) ignored
[0.930s] Level 1:colcon.colcon_core.package_identification:_identify(/home/entity014/python/ABU/rabbit) by extensions ['ignore', 'ignore_ament_install']
[0.930s] Level 1:colcon.colcon_core.package_identification:_identify(/home/entity014/python/ABU/rabbit) by extension 'ignore'
[0.930s] Level 1:colcon.colcon_core.package_identification:_identify(/home/entity014/python/ABU/rabbit) by extension 'ignore_ament_install'
[0.930s] Level 1:colcon.colcon_core.package_identification:_identify(/home/entity014/python/ABU/rabbit) by extensions ['colcon_pkg']
[0.930s] Level 1:colcon.colcon_core.package_identification:_identify(/home/entity014/python/ABU/rabbit) by extension 'colcon_pkg'
[0.931s] Level 1:colcon.colcon_core.package_identification:_identify(/home/entity014/python/ABU/rabbit) by extensions ['colcon_meta']
[0.931s] Level 1:colcon.colcon_core.package_identification:_identify(/home/entity014/python/ABU/rabbit) by extension 'colcon_meta'
[0.931s] Level 1:colcon.colcon_core.package_identification:_identify(/home/entity014/python/ABU/rabbit) by extensions ['ros']
[0.931s] Level 1:colcon.colcon_core.package_identification:_identify(/home/entity014/python/ABU/rabbit) by extension 'ros'
[0.931s] Level 1:colcon.colcon_core.package_identification:_identify(/home/entity014/python/ABU/rabbit) by extensions ['cmake', 'python']
[0.931s] Level 1:colcon.colcon_core.package_identification:_identify(/home/entity014/python/ABU/rabbit) by extension 'cmake'
[0.931s] Level 1:colcon.colcon_core.package_identification:_identify(/home/entity014/python/ABU/rabbit) by extension 'python'
[0.932s] Level 1:colcon.colcon_core.package_identification:_identify(/home/entity014/python/ABU/rabbit) by extensions ['python_setup_py']
[0.932s] Level 1:colcon.colcon_core.package_identification:_identify(/home/entity014/python/ABU/rabbit) by extension 'python_setup_py'
[0.932s] Level 1:colcon.colcon_core.package_identification:_identify(/home/entity014/python/ABU/rabbit-new) by extensions ['ignore', 'ignore_ament_install']
[0.932s] Level 1:colcon.colcon_core.package_identification:_identify(/home/entity014/python/ABU/rabbit-new) by extension 'ignore'
[0.932s] Level 1:colcon.colcon_core.package_identification:_identify(/home/entity014/python/ABU/rabbit-new) by extension 'ignore_ament_install'
[0.933s] Level 1:colcon.colcon_core.package_identification:_identify(/home/entity014/python/ABU/rabbit-new) by extensions ['colcon_pkg']
[0.933s] Level 1:colcon.colcon_core.package_identification:_identify(/home/entity014/python/ABU/rabbit-new) by extension 'colcon_pkg'
[0.933s] Level 1:colcon.colcon_core.package_identification:_identify(/home/entity014/python/ABU/rabbit-new) by extensions ['colcon_meta']
[0.933s] Level 1:colcon.colcon_core.package_identification:_identify(/home/entity014/python/ABU/rabbit-new) by extension 'colcon_meta'
[0.933s] Level 1:colcon.colcon_core.package_identification:_identify(/home/entity014/python/ABU/rabbit-new) by extensions ['ros']
[0.933s] Level 1:colcon.colcon_core.package_identification:_identify(/home/entity014/python/ABU/rabbit-new) by extension 'ros'
[0.933s] Level 1:colcon.colcon_core.package_identification:_identify(/home/entity014/python/ABU/rabbit-new) by extensions ['cmake', 'python']
[0.933s] Level 1:colcon.colcon_core.package_identification:_identify(/home/entity014/python/ABU/rabbit-new) by extension 'cmake'
[0.933s] Level 1:colcon.colcon_core.package_identification:_identify(/home/entity014/python/ABU/rabbit-new) by extension 'python'
[0.934s] Level 1:colcon.colcon_core.package_identification:_identify(/home/entity014/python/ABU/rabbit-new) by extensions ['python_setup_py']
[0.934s] Level 1:colcon.colcon_core.package_identification:_identify(/home/entity014/python/ABU/rabbit-new) by extension 'python_setup_py'
[0.934s] Level 1:colcon.colcon_core.package_identification:_identify(/home/entity014/python/ABU/src) by extensions ['ignore', 'ignore_ament_install']
[0.934s] Level 1:colcon.colcon_core.package_identification:_identify(/home/entity014/python/ABU/src) by extension 'ignore'
[0.934s] Level 1:colcon.colcon_core.package_identification:_identify(/home/entity014/python/ABU/src) by extension 'ignore_ament_install'
[0.934s] Level 1:colcon.colcon_core.package_identification:_identify(/home/entity014/python/ABU/src) by extensions ['colcon_pkg']
[0.934s] Level 1:colcon.colcon_core.package_identification:_identify(/home/entity014/python/ABU/src) by extension 'colcon_pkg'
[0.934s] Level 1:colcon.colcon_core.package_identification:_identify(/home/entity014/python/ABU/src) by extensions ['colcon_meta']
[0.934s] Level 1:colcon.colcon_core.package_identification:_identify(/home/entity014/python/ABU/src) by extension 'colcon_meta'
[0.934s] Level 1:colcon.colcon_core.package_identification:_identify(/home/entity014/python/ABU/src) by extensions ['ros']
[0.935s] Level 1:colcon.colcon_core.package_identification:_identify(/home/entity014/python/ABU/src) by extension 'ros'
[0.935s] Level 1:colcon.colcon_core.package_identification:_identify(/home/entity014/python/ABU/src) by extensions ['cmake', 'python']
[0.935s] Level 1:colcon.colcon_core.package_identification:_identify(/home/entity014/python/ABU/src) by extension 'cmake'
[0.935s] Level 1:colcon.colcon_core.package_identification:_identify(/home/entity014/python/ABU/src) by extension 'python'
[0.935s] Level 1:colcon.colcon_core.package_identification:_identify(/home/entity014/python/ABU/src) by extensions ['python_setup_py']
[0.935s] Level 1:colcon.colcon_core.package_identification:_identify(/home/entity014/python/ABU/src) by extension 'python_setup_py'
[0.935s] Level 1:colcon.colcon_core.package_identification:_identify(/home/entity014/python/ABU/src/swap_pillar) by extensions ['ignore', 'ignore_ament_install']
[0.935s] Level 1:colcon.colcon_core.package_identification:_identify(/home/entity014/python/ABU/src/swap_pillar) by extension 'ignore'
[0.935s] Level 1:colcon.colcon_core.package_identification:_identify(/home/entity014/python/ABU/src/swap_pillar) by extension 'ignore_ament_install'
[0.935s] Level 1:colcon.colcon_core.package_identification:_identify(/home/entity014/python/ABU/src/swap_pillar) by extensions ['colcon_pkg']
[0.936s] Level 1:colcon.colcon_core.package_identification:_identify(/home/entity014/python/ABU/src/swap_pillar) by extension 'colcon_pkg'
[0.936s] Level 1:colcon.colcon_core.package_identification:_identify(/home/entity014/python/ABU/src/swap_pillar) by extensions ['colcon_meta']
[0.936s] Level 1:colcon.colcon_core.package_identification:_identify(/home/entity014/python/ABU/src/swap_pillar) by extension 'colcon_meta'
[0.936s] Level 1:colcon.colcon_core.package_identification:_identify(/home/entity014/python/ABU/src/swap_pillar) by extensions ['ros']
[0.936s] Level 1:colcon.colcon_core.package_identification:_identify(/home/entity014/python/ABU/src/swap_pillar) by extension 'ros'
[0.940s] DEBUG:colcon.colcon_core.package_identification:Package '/home/entity014/python/ABU/src/swap_pillar' with type 'ros.ament_python' and name 'abu_package'
[0.940s] Level 1:colcon.colcon_core.package_discovery:discover_packages(recursive) using defaults
